Arguments: 
  C:\devTools\nodejs\node.exe C:\Users\304-hushenshen\AppData\Roaming\npm\node_modules\yarn\bin\yarn.js add vite-plugin-mock@next -D

PATH: 
  C:\Program Files (x86)\Common Files\Oracle\Java\javapath;C:\Program Files\Common Files\Oracle\Java\javapath;C:\Windows\system32;C:\Windows;C:\Windows\System32\Wbem;C:\Windows\System32\WindowsPowerShell\v1.0\;C:\Windows\System32\OpenSSH\;C:\devTools\nodejs\;D:\Program Files\Git\cmd;C:\Program Files\TortoiseGit\bin;C:\Program Files\Java\jdk-15.0.1\bin;D:\Program Files\svn\bin;D:\Program Files\xshell\;D:\Program Files\xftp\;C:\Program Files\dotnet\;C:\Program Files (x86)\dotnet\;C:\Go\bin;C:\Users\304-hushenshen\AppData\Local\Programs\Python\Python39\Scripts\;C:\Users\304-hushenshen\AppData\Local\Programs\Python\Python39\;C:\Users\304-hushenshen\AppData\Local\Microsoft\WindowsApps;;C:\devTools\IntelliJ IDEA 2020.1.1\bin;;C:\Users\304-hushenshen\AppData\Roaming\npm;C:\devTools\Microsoft VS Code\bin;C:\Users\304-hushenshen\go\bin

Yarn version: 
  1.22.10

Node version: 
  14.15.1

Platform: 
  win32 x64

Trace: 
  Error: EPERM: operation not permitted, unlink 'E:\code\JavaScriptCode\demo\vue\vue-mini\vite-shopping\node_modules\esbuild\esbuild.exe'

npm manifest: 
  {
    "name": "vite-shopping",
    "version": "0.0.0",
    "scripts": {
      "dev": "vite",
      "build": "vuedx-typecheck . && vite build"
    },
    "dependencies": {
      "@typescript-eslint/eslint-plugin": "^4.14.0",
      "@typescript-eslint/parser": "^4.14.0",
      "@vue/eslint-config-typescript": "^7.0.0",
      "eslint": "^7.18.0",
      "eslint-plugin-vue": "^7.4.1",
      "mockjs": "^1.1.0",
      "path": "^0.12.7",
      "vant": "^3.0.4",
      "vue": "^3.0.5",
      "vue-router": "^4.0.3"
    },
    "devDependencies": {
      "@vitejs/plugin-vue": "^1.0.4",
      "@vue/compiler-sfc": "^3.0.5",
      "@vuedx/typecheck": "^0.4.1",
      "@vuedx/typescript-plugin-vue": "^0.4.1",
      "typescript": "^4.1.3",
      "vite": "^2.0.0-beta.12"
    }
  }

yarn manifest: 
  No manifest

Lockfile: 
  No lockfile
